[2012-10-24 11:33:12] request.ERROR: Symfony\Component\HttpKernel\Exception\NotFoundHttpException: No route found for "GET /" (uncaught exception) at D:\XAMPP\htdocs\dev-ms.com\Symfony\vendor\symfony\symfony\src\Symfony\Component\HttpKernel\EventListener\RouterListener.php line 92 [] []
[2012-10-24 11:34:00] request.ERROR: Symfony\Component\HttpKernel\Exception\NotFoundHttpException: No route found for "GET /" (uncaught exception) at D:\XAMPP\htdocs\dev-ms.com\Symfony\vendor\symfony\symfony\src\Symfony\Component\HttpKernel\EventListener\RouterListener.php line 92 [] []
[2012-10-24 11:51:42] request.ERROR: Symfony\Component\HttpKernel\Exception\NotFoundHttpException: No route found for "GET /demo/" (uncaught exception) at D:\XAMPP\htdocs\dev-ms.com\Symfony\app\cache\prod\classes.php line 5156 [] []
[2012-10-24 11:51:47] request.ERROR: Symfony\Component\HttpKernel\Exception\NotFoundHttpException: No route found for "GET /demo/hello/Marc" (uncaught exception) at D:\XAMPP\htdocs\dev-ms.com\Symfony\app\cache\prod\classes.php line 5156 [] []
[2012-10-24 11:52:44] request.ERROR: Symfony\Component\HttpKernel\Exception\NotFoundHttpException: No route found for "GET /demo/hello/Fabien" (uncaught exception) at D:\XAMPP\htdocs\dev-ms.com\Symfony\app\cache\prod\classes.php line 5156 [] []
[2012-10-24 11:52:48] request.ERROR: Symfony\Component\HttpKernel\Exception\NotFoundHttpException: No route found for "GET /demo/hello/Fabien" (uncaught exception) at D:\XAMPP\htdocs\dev-ms.com\Symfony\app\cache\prod\classes.php line 5156 [] []
[2012-10-24 11:52:56] request.ERROR: Symfony\Component\HttpKernel\Exception\NotFoundHttpException: No route found for "GET /demo/hello/Fabien" (uncaught exception) at D:\XAMPP\htdocs\dev-ms.com\Symfony\app\cache\prod\classes.php line 5156 [] []
[2012-10-24 11:54:01] request.ERROR: Symfony\Component\HttpKernel\Exception\NotFoundHttpException: No route found for "GET /demo/hello/Fabien" (uncaught exception) at D:\XAMPP\htdocs\dev-ms.com\Symfony\app\cache\prod\classes.php line 5156 [] []
[2012-10-24 13:54:46] request.ERROR: Symfony\Component\HttpKernel\Exception\NotFoundHttpException: No route found for "GET /demo/hello/Fabien" (uncaught exception) at D:\XAMPP\htdocs\dev-ms.com\Symfony\app\cache\prod\classes.php line 5156 [] []
[2012-10-24 13:55:03] request.ERROR: Symfony\Component\HttpKernel\Exception\NotFoundHttpException: No route found for "GET /demo/hello/Fabien" (uncaught exception) at D:\XAMPP\htdocs\dev-ms.com\Symfony\app\cache\prod\classes.php line 5156 [] []
[2012-10-24 13:55:04] request.ERROR: Symfony\Component\HttpKernel\Exception\NotFoundHttpException: No route found for "GET /demo/hello/Fabien" (uncaught exception) at D:\XAMPP\htdocs\dev-ms.com\Symfony\app\cache\prod\classes.php line 5156 [] []
[2012-10-24 13:55:35] request.ERROR: Symfony\Component\HttpKernel\Exception\NotFoundHttpException: No route found for "GET /demo/hello/Fabien" (uncaught exception) at D:\XAMPP\htdocs\dev-ms.com\Symfony\app\cache\prod\classes.php line 5156 [] []
[2012-10-24 13:55:36] request.ERROR: Symfony\Component\HttpKernel\Exception\NotFoundHttpException: No route found for "GET /demo/hello/Fabien" (uncaught exception) at D:\XAMPP\htdocs\dev-ms.com\Symfony\app\cache\prod\classes.php line 5156 [] []
[2012-10-24 13:55:36] request.ERROR: Symfony\Component\HttpKernel\Exception\NotFoundHttpException: No route found for "GET /demo/hello/Fabien" (uncaught exception) at D:\XAMPP\htdocs\dev-ms.com\Symfony\app\cache\prod\classes.php line 5156 [] []
[2012-10-24 13:55:36] request.ERROR: Symfony\Component\HttpKernel\Exception\NotFoundHttpException: No route found for "GET /demo/hello/Fabien" (uncaught exception) at D:\XAMPP\htdocs\dev-ms.com\Symfony\app\cache\prod\classes.php line 5156 [] []
[2012-10-24 13:55:36] request.ERROR: Symfony\Component\HttpKernel\Exception\NotFoundHttpException: No route found for "GET /demo/hello/Fabien" (uncaught exception) at D:\XAMPP\htdocs\dev-ms.com\Symfony\app\cache\prod\classes.php line 5156 [] []
[2012-10-24 13:55:49] request.ERROR: Symfony\Component\HttpKernel\Exception\NotFoundHttpException: No route found for "GET /demo/" (uncaught exception) at D:\XAMPP\htdocs\dev-ms.com\Symfony\app\cache\prod\classes.php line 5156 [] []
[2012-10-24 13:55:51] request.ERROR: Symfony\Component\HttpKernel\Exception\NotFoundHttpException: No route found for "GET /demo/" (uncaught exception) at D:\XAMPP\htdocs\dev-ms.com\Symfony\app\cache\prod\classes.php line 5156 [] []
[2012-10-24 13:55:51] request.ERROR: Symfony\Component\HttpKernel\Exception\NotFoundHttpException: No route found for "GET /demo/" (uncaught exception) at D:\XAMPP\htdocs\dev-ms.com\Symfony\app\cache\prod\classes.php line 5156 [] []
[2012-10-24 13:55:52] request.ERROR: Symfony\Component\HttpKernel\Exception\NotFoundHttpException: No route found for "GET /demo/" (uncaught exception) at D:\XAMPP\htdocs\dev-ms.com\Symfony\app\cache\prod\classes.php line 5156 [] []
[2012-10-24 14:03:44] request.ERROR: Symfony\Component\HttpKernel\Exception\NotFoundHttpException: No route found for "GET /demo/hello/Marc+" (uncaught exception) at D:\XAMPP\htdocs\dev-ms.com\Symfony\app\cache\prod\classes.php line 5156 [] []
[2012-10-24 14:03:47] request.ERROR: Symfony\Component\HttpKernel\Exception\NotFoundHttpException: No route found for "GET /demo/hello/Marc" (uncaught exception) at D:\XAMPP\htdocs\dev-ms.com\Symfony\app\cache\prod\classes.php line 5156 [] []
[2012-10-24 14:04:09] request.ERROR: Symfony\Component\HttpKernel\Exception\NotFoundHttpException: No route found for "GET /demo" (uncaught exception) at D:\XAMPP\htdocs\dev-ms.com\Symfony\app\cache\prod\classes.php line 5156 [] []
[2012-10-24 14:04:19] request.ERROR: Symfony\Component\HttpKernel\Exception\NotFoundHttpException: No route found for "GET /_wdt/5087d9431a4f4" (uncaught exception) at D:\XAMPP\htdocs\dev-ms.com\Symfony\app\cache\prod\classes.php line 5156 [] []
[2012-10-24 14:04:23] request.ERROR: Symfony\Component\HttpKernel\Exception\NotFoundHttpException: No route found for "GET /_profiler/5087d9431a4f4" (uncaught exception) at D:\XAMPP\htdocs\dev-ms.com\Symfony\app\cache\prod\classes.php line 5156 [] []
[2012-10-24 14:08:10] request.ERROR: Symfony\Component\HttpKernel\Exception\NotFoundHttpException: No route found for "GET /demo/" (uncaught exception) at D:\XAMPP\htdocs\dev-ms.com\Symfony\app\cache\prod\classes.php line 5156 [] []
[2012-10-24 14:08:14] request.ERROR: Symfony\Component\HttpKernel\Exception\NotFoundHttpException: No route found for "GET /" (uncaught exception) at D:\XAMPP\htdocs\dev-ms.com\Symfony\app\cache\prod\classes.php line 5156 [] []
[2012-10-24 14:08:17] request.ERROR: Symfony\Component\HttpKernel\Exception\NotFoundHttpException: No route found for "GET /_wdt/5087da3195419" (uncaught exception) at D:\XAMPP\htdocs\dev-ms.com\Symfony\app\cache\prod\classes.php line 5156 [] []
[2012-10-24 14:08:25] request.ERROR: Symfony\Component\HttpKernel\Exception\NotFoundHttpException: No route found for "GET /demo/" (uncaught exception) at D:\XAMPP\htdocs\dev-ms.com\Symfony\app\cache\prod\classes.php line 5156 [] []
[2012-10-24 14:09:42] request.ERROR: Symfony\Component\HttpKernel\Exception\NotFoundHttpException: No route found for "GET /" (uncaught exception) at D:\XAMPP\htdocs\dev-ms.com\Symfony\app\cache\prod\classes.php line 5156 [] []
[2012-10-24 14:10:32] request.ERROR: Symfony\Component\HttpKernel\Exception\NotFoundHttpException: No route found for "GET /demo/hello/Marc" (uncaught exception) at D:\XAMPP\htdocs\dev-ms.com\Symfony\app\cache\prod\classes.php line 5156 [] []
[2012-10-24 14:10:33] request.ERROR: Symfony\Component\HttpKernel\Exception\NotFoundHttpException: No route found for "GET /demo/hello/Marc" (uncaught exception) at D:\XAMPP\htdocs\dev-ms.com\Symfony\app\cache\prod\classes.php line 5156 [] []
[2012-10-24 14:10:50] request.ERROR: Symfony\Component\HttpKernel\Exception\NotFoundHttpException: No route found for "GET /demo/Hello/Marc" (uncaught exception) at D:\XAMPP\htdocs\dev-ms.com\Symfony\app\cache\prod\classes.php line 5156 [] []
[2012-10-24 14:10:55] request.ERROR: Symfony\Component\HttpKernel\Exception\NotFoundHttpException: No route found for "GET /demo/hello/Marc" (uncaught exception) at D:\XAMPP\htdocs\dev-ms.com\Symfony\app\cache\prod\classes.php line 5156 [] []
[2012-10-24 14:11:04] request.ERROR: Symfony\Component\HttpKernel\Exception\NotFoundHttpException: No route found for "GET /demo/hello/Marc" (uncaught exception) at D:\XAMPP\htdocs\dev-ms.com\Symfony\app\cache\prod\classes.php line 5156 [] []
[2012-10-24 14:12:55] request.ERROR: Symfony\Component\HttpKernel\Exception\NotFoundHttpException: No route found for "GET /_wdt/5087db47a6f97" (uncaught exception) at D:\XAMPP\htdocs\dev-ms.com\Symfony\app\cache\prod\classes.php line 5156 [] []
[2012-10-24 14:12:58] request.ERROR: Symfony\Component\HttpKernel\Exception\NotFoundHttpException: No route found for "GET /" (uncaught exception) at D:\XAMPP\htdocs\dev-ms.com\Symfony\app\cache\prod\classes.php line 5156 [] []
[2012-10-24 14:48:18] request.ERROR: Symfony\Component\HttpKernel\Exception\NotFoundHttpException: No route found for "GET /" (uncaught exception) at D:\XAMPP\htdocs\dev-ms.com\Symfony\app\cache\prod\classes.php line 5156 [] []
[2012-10-24 14:48:18] request.ERROR: Symfony\Component\HttpKernel\Exception\NotFoundHttpException: No route found for "GET /" (uncaught exception) at D:\XAMPP\htdocs\dev-ms.com\Symfony\app\cache\prod\classes.php line 5156 [] []
[2012-10-24 16:29:22] request.ERROR: Symfony\Component\HttpKernel\Exception\NotFoundHttpException: No route found for "GET /demo/hello/Marc" (uncaught exception) at D:\XAMPP\htdocs\dev-ms.com\Symfony\app\cache\prod\classes.php line 5156 [] []
[2012-10-24 16:29:24] request.ERROR: Symfony\Component\HttpKernel\Exception\NotFoundHttpException: No route found for "GET /demo/hello/Marc" (uncaught exception) at D:\XAMPP\htdocs\dev-ms.com\Symfony\app\cache\prod\classes.php line 5156 [] []
[2012-10-24 16:29:24] request.ERROR: Symfony\Component\HttpKernel\Exception\NotFoundHttpException: No route found for "GET /demo/hello/Marc" (uncaught exception) at D:\XAMPP\htdocs\dev-ms.com\Symfony\app\cache\prod\classes.php line 5156 [] []
[2012-10-24 16:29:24] request.ERROR: Symfony\Component\HttpKernel\Exception\NotFoundHttpException: No route found for "GET /demo/hello/Marc" (uncaught exception) at D:\XAMPP\htdocs\dev-ms.com\Symfony\app\cache\prod\classes.php line 5156 [] []
[2012-10-24 16:29:24] request.ERROR: Symfony\Component\HttpKernel\Exception\NotFoundHttpException: No route found for "GET /demo/hello/Marc" (uncaught exception) at D:\XAMPP\htdocs\dev-ms.com\Symfony\app\cache\prod\classes.php line 5156 [] []
[2012-10-24 16:29:25] request.ERROR: Symfony\Component\HttpKernel\Exception\NotFoundHttpException: No route found for "GET /demo/hello/Marc" (uncaught exception) at D:\XAMPP\htdocs\dev-ms.com\Symfony\app\cache\prod\classes.php line 5156 [] []
[2012-10-24 16:29:25] request.ERROR: Symfony\Component\HttpKernel\Exception\NotFoundHttpException: No route found for "GET /demo/hello/Marc" (uncaught exception) at D:\XAMPP\htdocs\dev-ms.com\Symfony\app\cache\prod\classes.php line 5156 [] []
[2012-10-24 16:29:25] request.ERROR: Symfony\Component\HttpKernel\Exception\NotFoundHttpException: No route found for "GET /demo/hello/Marc" (uncaught exception) at D:\XAMPP\htdocs\dev-ms.com\Symfony\app\cache\prod\classes.php line 5156 [] []
[2012-10-24 16:29:25] request.ERROR: Symfony\Component\HttpKernel\Exception\NotFoundHttpException: No route found for "GET /demo/hello/Marc" (uncaught exception) at D:\XAMPP\htdocs\dev-ms.com\Symfony\app\cache\prod\classes.php line 5156 [] []
[2012-10-24 16:29:25] request.ERROR: Symfony\Component\HttpKernel\Exception\NotFoundHttpException: No route found for "GET /demo/hello/Marc" (uncaught exception) at D:\XAMPP\htdocs\dev-ms.com\Symfony\app\cache\prod\classes.php line 5156 [] []
[2012-10-24 16:29:25] request.ERROR: Symfony\Component\HttpKernel\Exception\NotFoundHttpException: No route found for "GET /demo/hello/Marc" (uncaught exception) at D:\XAMPP\htdocs\dev-ms.com\Symfony\app\cache\prod\classes.php line 5156 [] []
[2012-10-24 16:29:25] request.ERROR: Symfony\Component\HttpKernel\Exception\NotFoundHttpException: No route found for "GET /demo/hello/Marc" (uncaught exception) at D:\XAMPP\htdocs\dev-ms.com\Symfony\app\cache\prod\classes.php line 5156 [] []
[2012-10-24 16:29:37] request.ERROR: Symfony\Component\HttpKernel\Exception\NotFoundHttpException: No route found for "GET /demo/hello/Marc" (uncaught exception) at D:\XAMPP\htdocs\dev-ms.com\Symfony\app\cache\prod\classes.php line 5156 [] []
[2012-10-24 16:29:44] request.ERROR: Symfony\Component\HttpKernel\Exception\NotFoundHttpException: No route found for "GET /demo/hello/Marc" (uncaught exception) at D:\XAMPP\htdocs\dev-ms.com\Symfony\app\cache\prod\classes.php line 5156 [] []
[2012-10-24 16:34:03] request.ERROR: Symfony\Component\HttpKernel\Exception\NotFoundHttpException: No route found for "GET /demo/hello/Marc" (uncaught exception) at D:\XAMPP\htdocs\dev-ms.com\Symfony\app\cache\prod\classes.php line 5156 [] []
[2012-10-24 17:18:20] request.ERROR: Symfony\Component\HttpKernel\Exception\NotFoundHttpException: No route found for "GET /" (uncaught exception) at D:\XAMPP\htdocs\dev-ms.com\Symfony\app\cache\prod\classes.php line 5156 [] []
[2012-10-24 17:19:05] request.ERROR: Symfony\Component\HttpKernel\Exception\NotFoundHttpException: No route found for "GET /" (uncaught exception) at D:\XAMPP\htdocs\dev-ms.com\Symfony\app\cache\prod\classes.php line 5156 [] []
[2012-10-24 17:19:10] request.ERROR: Symfony\Component\HttpKernel\Exception\NotFoundHttpException: No route found for "GET /" (uncaught exception) at D:\XAMPP\htdocs\dev-ms.com\Symfony\app\cache\prod\classes.php line 5156 [] []
[2012-10-24 17:19:12] request.ERROR: Symfony\Component\HttpKernel\Exception\NotFoundHttpException: No route found for "GET /" (uncaught exception) at D:\XAMPP\htdocs\dev-ms.com\Symfony\app\cache\prod\classes.php line 5156 [] []
[2012-10-24 17:19:15] request.ERROR: Symfony\Component\HttpKernel\Exception\NotFoundHttpException: No route found for "GET /Start" (uncaught exception) at D:\XAMPP\htdocs\dev-ms.com\Symfony\app\cache\prod\classes.php line 5156 [] []
[2012-10-24 17:24:17] request.ERROR: Symfony\Component\HttpKernel\Exception\NotFoundHttpException: No route found for "GET /" (uncaught exception) at D:\XAMPP\htdocs\dev-ms.com\Symfony\app\cache\prod\classes.php line 5156 [] []
[2012-10-24 17:24:22] request.ERROR: Symfony\Component\HttpKernel\Exception\NotFoundHttpException: No route found for "GET /" (uncaught exception) at D:\XAMPP\htdocs\dev-ms.com\Symfony\app\cache\prod\classes.php line 5156 [] []
[2012-10-24 17:24:24] request.ERROR: Symfony\Component\HttpKernel\Exception\NotFoundHttpException: No route found for "GET /" (uncaught exception) at D:\XAMPP\htdocs\dev-ms.com\Symfony\app\cache\prod\classes.php line 5156 [] []
[2012-10-24 17:24:31] request.ERROR: Symfony\Component\HttpKernel\Exception\NotFoundHttpException: No route found for "GET /" (uncaught exception) at D:\XAMPP\htdocs\dev-ms.com\Symfony\app\cache\prod\classes.php line 5156 [] []
[2012-10-24 17:43:04] request.ERROR: Symfony\Component\HttpKernel\Exception\NotFoundHttpException: No route found for "GET /" (uncaught exception) at D:\XAMPP\htdocs\dev-ms.com\Symfony\app\cache\prod\classes.php line 5156 [] []
[2012-10-24 17:43:10] request.ERROR: Symfony\Component\HttpKernel\Exception\NotFoundHttpException: No route found for "GET /" (uncaught exception) at D:\XAMPP\htdocs\dev-ms.com\Symfony\app\cache\prod\classes.php line 5156 [] []
[2012-10-24 17:43:14] request.ERROR: Symfony\Component\HttpKernel\Exception\NotFoundHttpException: No route found for "GET /" (uncaught exception) at D:\XAMPP\htdocs\dev-ms.com\Symfony\app\cache\prod\classes.php line 5156 [] []
[2012-10-24 17:44:02] request.ERROR: Symfony\Component\HttpKernel\Exception\NotFoundHttpException: No route found for "GET /" (uncaught exception) at D:\XAMPP\htdocs\dev-ms.com\Symfony\app\cache\prod\classes.php line 5156 [] []
[2012-10-24 17:44:17] request.ERROR: Symfony\Component\HttpKernel\Exception\NotFoundHttpException: No route found for "GET /" (uncaught exception) at D:\XAMPP\htdocs\dev-ms.com\Symfony\app\cache\prod\classes.php line 5156 [] []
[2012-10-24 17:46:50] request.ERROR: Symfony\Component\HttpKernel\Exception\NotFoundHttpException: No route found for "GET /" (uncaught exception) at D:\XAMPP\htdocs\dev-ms.com\Symfony\app\cache\prod\classes.php line 5156 [] []
